# JRE version: OpenJDK Runtime Environment (8.0_252-b09) (build 1.8.0_252-8u252-b09-1~18.04-b09)
# Java VM: OpenJDK 64-Bit Server VM (25.252-b09 mixed mode linux-amd64 compressed oops)
Heap:
 PSYoungGen      total 541184K, used 17907K [0x000000076ab00000, 0x000000078d000000, 0x00000007c0000000)
  eden space 523264K, 0% used [0x000000076ab00000,0x000000076ab00000,0x000000078aa00000)
  from space 17920K, 99% used [0x000000078aa00000,0x000000078bb7cea0,0x000000078bb80000)
  to   space 14848K, 0% used [0x000000078bb80000,0x000000078bb80000,0x000000078ca00000)
 ParOldGen       total 349696K, used 61708K [0x00000006c0000000, 0x00000006d5580000, 0x000000076ab00000)
  object space 349696K, 17% used [0x00000006c0000000,0x00000006c3c43140,0x00000006d5580000)
 Metaspace       used 25485K, capacity 26648K, committed 26880K, reserved 1073152K
  class space    used 2904K, capacity 3229K, committed 3328K, reserved 1048576K
GC Heap History (10 events):
Event: 3.872 GC heap after
Heap after GC invocations=6 (full 2):
 PSYoungGen      total 284672K, used 4970K [0x000000076ab00000, 0x000000077d600000, 0x00000007c0000000)
  eden space 263168K, 0% used [0x000000076ab00000,0x000000076ab00000,0x000000077ac00000)
  from space 21504K, 23% used [0x000000077c100000,0x000000077c5daae8,0x000000077d600000)
  to   space 21504K, 0% used [0x000000077ac00000,0x000000077ac00000,0x000000077c100000)
 ParOldGen       total 349696K, used 9898K [0x00000006c0000000, 0x00000006d5580000, 0x000000076ab00000)
  object space 349696K, 2% used [0x00000006c0000000,0x00000006c09aab40,0x00000006d5580000)
 Metaspace       used 21883K, capacity 22824K, committed 23040K, reserved 1069056K
  class space    used 2544K, capacity 2766K, committed 2816K, reserved 1048576K
}
Event: 5.515 GC heap before
{Heap before GC invocations=7 (full 2):
 PSYoungGen      total 284672K, used 268138K [0x000000076ab00000, 0x000000077d600000, 0x00000007c0000000)
  eden space 263168K, 100% used [0x000000076ab00000,0x000000077ac00000,0x000000077ac00000)
  from space 21504K, 23% used [0x000000077c100000,0x000000077c5daae8,0x000000077d600000)
  to   space 21504K, 0% used [0x000000077ac00000,0x000000077ac00000,0x000000077c100000)
 ParOldGen       total 349696K, used 9898K [0x00000006c0000000, 0x00000006d5580000, 0x000000076ab00000)
  object space 349696K, 2% used [0x00000006c0000000,0x00000006c09aab40,0x00000006d5580000)
 Metaspace       used 24912K, capacity 26038K, committed 26240K, reserved 1073152K
  class space    used 2873K, capacity 3131K, committed 3200K, reserved 1048576K
Event: 5.525 GC heap after
Heap after GC invocations=7 (full 2):
 PSYoungGen      total 284672K, used 8600K [0x000000076ab00000, 0x000000077d600000, 0x00000007c0000000)
  eden space 263168K, 0% used [0x000000076ab00000,0x000000076ab00000,0x000000077ac00000)
  from space 21504K, 39% used [0x000000077ac00000,0x000000077b466338,0x000000077c100000)
  to   space 21504K, 0% used [0x000000077c100000,0x000000077c100000,0x000000077d600000)
 ParOldGen       total 349696K, used 9906K [0x00000006c0000000, 0x00000006d5580000, 0x000000076ab00000)
  object space 349696K, 2% used [0x00000006c0000000,0x00000006c09acb40,0x00000006d5580000)
 Metaspace       used 24912K, capacity 26038K, committed 26240K, reserved 1073152K
  class space    used 2873K, capacity 3131K, committed 3200K, reserved 1048576K
}
Event: 5.832 GC heap before
{Heap before GC invocations=8 (full 2):
 PSYoungGen      total 284672K, used 271768K [0x000000076ab00000, 0x000000077d600000, 0x00000007c0000000)
  eden space 263168K, 100% used [0x000000076ab00000,0x000000077ac00000,0x000000077ac00000)
  from space 21504K, 39% used [0x000000077ac00000,0x000000077b466338,0x000000077c100000)
  to   space 21504K, 0% used [0x000000077c100000,0x000000077c100000,0x000000077d600000)
 ParOldGen       total 349696K, used 9906K [0x00000006c0000000, 0x00000006d5580000, 0x000000076ab00000)
  object space 349696K, 2% used [0x00000006c0000000,0x00000006c09acb40,0x00000006d5580000)
 Metaspace       used 25098K, capacity 26328K, committed 26624K, reserved 1073152K
  class space    used 2886K, capacity 3229K, committed 3328K, reserved 1048576K
Event: 5.838 GC heap after
Heap after GC invocations=8 (full 2):
 PSYoungGen      total 284672K, used 7520K [0x000000076ab00000, 0x000000078d700000, 0x00000007c0000000)
  eden space 263168K, 0% used [0x000000076ab00000,0x000000076ab00000,0x000000077ac00000)
  from space 21504K, 34% used [0x000000077c100000,0x000000077c858010,0x000000077d600000)
  to   space 21504K, 0% used [0x000000077ac00000,0x000000077ac00000,0x000000077c100000)
 ParOldGen       total 349696K, used 9914K [0x00000006c0000000, 0x00000006d5580000, 0x000000076ab00000)
  object space 349696K, 2% used [0x00000006c0000000,0x00000006c09aeb40,0x00000006d5580000)
 Metaspace       used 25098K, capacity 26328K, committed 26624K, reserved 1073152K
  class space    used 2886K, capacity 3229K, committed 3328K, reserved 1048576K
}
Event: 6.130 GC heap before
{Heap before GC invocations=9 (full 2):
 PSYoungGen      total 284672K, used 270688K [0x000000076ab00000, 0x000000078d700000, 0x00000007c0000000)
  eden space 263168K, 100% used [0x000000076ab00000,0x000000077ac00000,0x000000077ac00000)
  from space 21504K, 34% used [0x000000077c100000,0x000000077c858010,0x000000077d600000)
  to   space 21504K, 0% used [0x000000077ac00000,0x000000077ac00000,0x000000077c100000)
 ParOldGen       total 349696K, used 9914K [0x00000006c0000000, 0x00000006d5580000, 0x000000076ab00000)
  object space 349696K, 2% used [0x00000006c0000000,0x00000006c09aeb40,0x00000006d5580000)
 Metaspace       used 25106K, capacity 26328K, committed 26624K, reserved 1073152K
  class space    used 2886K, capacity 3229K, committed 3328K, reserved 1048576K
Event: 6.137 GC heap after
Heap after GC invocations=9 (full 2):
 PSYoungGen      total 284672K, used 8864K [0x000000076ab00000, 0x000000078ca00000, 0x00000007c0000000)
  eden space 263168K, 0% used [0x000000076ab00000,0x000000076ab00000,0x000000077ac00000)
  from space 21504K, 41% used [0x000000077ac00000,0x000000077b4a8010,0x000000077c100000)
  to   space 14848K, 0% used [0x000000078bb80000,0x000000078bb80000,0x000000078ca00000)
 ParOldGen       total 349696K, used 9922K [0x00000006c0000000, 0x00000006d5580000, 0x000000076ab00000)
  object space 349696K, 2% used [0x00000006c0000000,0x00000006c09b0b40,0x00000006d5580000)
 Metaspace       used 25106K, capacity 26328K, committed 26624K, reserved 1073152K
  class space    used 2886K, capacity 3229K, committed 3328K, reserved 1048576K
}
Event: 7.020 GC heap before
{Heap before GC invocations=10 (full 2):
 PSYoungGen      total 284672K, used 272032K [0x000000076ab00000, 0x000000078ca00000, 0x00000007c0000000)
  eden space 263168K, 100% used [0x000000076ab00000,0x000000077ac00000,0x000000077ac00000)
  from space 21504K, 41% used [0x000000077ac00000,0x000000077b4a8010,0x000000077c100000)
  to   space 14848K, 0% used [0x000000078bb80000,0x000000078bb80000,0x000000078ca00000)
 ParOldGen       total 349696K, used 9922K [0x00000006c0000000, 0x00000006d5580000, 0x000000076ab00000)
  object space 349696K, 2% used [0x00000006c0000000,0x00000006c09b0b40,0x00000006d5580000)
 Metaspace       used 25467K, capacity 26648K, committed 26880K, reserved 1073152K
  class space    used 2903K, capacity 3229K, committed 3328K, reserved 1048576K
Event: 7.069 GC heap after
Heap after GC invocations=10 (full 2):
 PSYoungGen      total 538112K, used 14835K [0x000000076ab00000, 0x000000078d000000, 0x00000007c0000000)
  eden space 523264K, 0% used [0x000000076ab00000,0x000000076ab00000,0x000000078aa00000)
  from space 14848K, 99% used [0x000000078bb80000,0x000000078c9fccc0,0x000000078ca00000)
  to   space 17920K, 0% used [0x000000078aa00000,0x000000078aa00000,0x000000078bb80000)
 ParOldGen       total 349696K, used 11860K [0x00000006c0000000, 0x00000006d5580000, 0x000000076ab00000)
  object space 349696K, 3% used [0x00000006c0000000,0x00000006c0b95330,0x00000006d5580000)
 Metaspace       used 25467K, capacity 26648K, committed 26880K, reserved 1073152K
  class space    used 2903K, capacity 3229K, committed 3328K, reserved 1048576K
}
Event: 9.879 GC heap before
{Heap before GC invocations=11 (full 2):
 PSYoungGen      total 538112K, used 538099K [0x000000076ab00000, 0x000000078d000000, 0x00000007c0000000)
  eden space 523264K, 100% used [0x000000076ab00000,0x000000078aa00000,0x000000078aa00000)
  from space 14848K, 99% used [0x000000078bb80000,0x000000078c9fccc0,0x000000078ca00000)
  to   space 17920K, 0% used [0x000000078aa00000,0x000000078aa00000,0x000000078bb80000)
 ParOldGen       total 349696K, used 11860K [0x00000006c0000000, 0x00000006d5580000, 0x000000076ab00000)
  object space 349696K, 3% used [0x00000006c0000000,0x00000006c0b95330,0x00000006d5580000)
 Metaspace       used 25485K, capacity 26648K, committed 26880K, reserved 1073152K
  class space    used 2904K, capacity 3229K, committed 3328K, reserved 1048576K

