# JRE version: OpenJDK Runtime Environment (8.0_252-b09) (build 1.8.0_252-8u252-b09-1~18.04-b09)
# Java VM: OpenJDK 64-Bit Server VM (25.252-b09 mixed mode linux-amd64 compressed oops)
Heap:
 PSYoungGen      total 541184K, used 17896K [0x000000076ab00000, 0x000000078d000000, 0x00000007c0000000)
  eden space 523264K, 0% used [0x000000076ab00000,0x000000076ab00000,0x000000078aa00000)
  from space 17920K, 99% used [0x000000078aa00000,0x000000078bb7a2d8,0x000000078bb80000)
  to   space 14848K, 0% used [0x000000078bb80000,0x000000078bb80000,0x000000078ca00000)
 ParOldGen       total 349696K, used 61059K [0x00000006c0000000, 0x00000006d5580000, 0x000000076ab00000)
  object space 349696K, 17% used [0x00000006c0000000,0x00000006c3ba0d78,0x00000006d5580000)
 Metaspace       used 25461K, capacity 26648K, committed 26880K, reserved 1073152K
  class space    used 2904K, capacity 3229K, committed 3328K, reserved 1048576K
GC Heap History (10 events):
Event: 4.542 GC heap after
Heap after GC invocations=6 (full 2):
 PSYoungGen      total 284672K, used 5028K [0x000000076ab00000, 0x000000077d600000, 0x00000007c0000000)
  eden space 263168K, 0% used [0x000000076ab00000,0x000000076ab00000,0x000000077ac00000)
  from space 21504K, 23% used [0x000000077c100000,0x000000077c5e9038,0x000000077d600000)
  to   space 21504K, 0% used [0x000000077ac00000,0x000000077ac00000,0x000000077c100000)
 ParOldGen       total 349696K, used 9899K [0x00000006c0000000, 0x00000006d5580000, 0x000000076ab00000)
  object space 349696K, 2% used [0x00000006c0000000,0x00000006c09aadb8,0x00000006d5580000)
 Metaspace       used 21864K, capacity 22824K, committed 23040K, reserved 1069056K
  class space    used 2545K, capacity 2766K, committed 2816K, reserved 1048576K
}
Event: 6.883 GC heap before
{Heap before GC invocations=7 (full 2):
 PSYoungGen      total 284672K, used 268196K [0x000000076ab00000, 0x000000077d600000, 0x00000007c0000000)
  eden space 263168K, 100% used [0x000000076ab00000,0x000000077ac00000,0x000000077ac00000)
  from space 21504K, 23% used [0x000000077c100000,0x000000077c5e9038,0x000000077d600000)
  to   space 21504K, 0% used [0x000000077ac00000,0x000000077ac00000,0x000000077c100000)
 ParOldGen       total 349696K, used 9899K [0x00000006c0000000, 0x00000006d5580000, 0x000000076ab00000)
  object space 349696K, 2% used [0x00000006c0000000,0x00000006c09aadb8,0x00000006d5580000)
 Metaspace       used 24899K, capacity 25974K, committed 26240K, reserved 1073152K
  class space    used 2873K, capacity 3131K, committed 3200K, reserved 1048576K
Event: 6.894 GC heap after
Heap after GC invocations=7 (full 2):
 PSYoungGen      total 284672K, used 8696K [0x000000076ab00000, 0x000000077d600000, 0x00000007c0000000)
  eden space 263168K, 0% used [0x000000076ab00000,0x000000076ab00000,0x000000077ac00000)
  from space 21504K, 40% used [0x000000077ac00000,0x000000077b47e338,0x000000077c100000)
  to   space 21504K, 0% used [0x000000077c100000,0x000000077c100000,0x000000077d600000)
 ParOldGen       total 349696K, used 9907K [0x00000006c0000000, 0x00000006d5580000, 0x000000076ab00000)
  object space 349696K, 2% used [0x00000006c0000000,0x00000006c09acdb8,0x00000006d5580000)
 Metaspace       used 24899K, capacity 25974K, committed 26240K, reserved 1073152K
  class space    used 2873K, capacity 3131K, committed 3200K, reserved 1048576K
}
Event: 7.260 GC heap before
{Heap before GC invocations=8 (full 2):
 PSYoungGen      total 284672K, used 271864K [0x000000076ab00000, 0x000000077d600000, 0x00000007c0000000)
  eden space 263168K, 100% used [0x000000076ab00000,0x000000077ac00000,0x000000077ac00000)
  from space 21504K, 40% used [0x000000077ac00000,0x000000077b47e338,0x000000077c100000)
  to   space 21504K, 0% used [0x000000077c100000,0x000000077c100000,0x000000077d600000)
 ParOldGen       total 349696K, used 9907K [0x00000006c0000000, 0x00000006d5580000, 0x000000076ab00000)
  object space 349696K, 2% used [0x00000006c0000000,0x00000006c09acdb8,0x00000006d5580000)
 Metaspace       used 25077K, capacity 26328K, committed 26624K, reserved 1073152K
  class space    used 2886K, capacity 3229K, committed 3328K, reserved 1048576K
Event: 7.283 GC heap after
Heap after GC invocations=8 (full 2):
 PSYoungGen      total 284672K, used 7616K [0x000000076ab00000, 0x000000078d700000, 0x00000007c0000000)
  eden space 263168K, 0% used [0x000000076ab00000,0x000000076ab00000,0x000000077ac00000)
  from space 21504K, 35% used [0x000000077c100000,0x000000077c870010,0x000000077d600000)
  to   space 21504K, 0% used [0x000000077ac00000,0x000000077ac00000,0x000000077c100000)
 ParOldGen       total 349696K, used 9915K [0x00000006c0000000, 0x00000006d5580000, 0x000000076ab00000)
  object space 349696K, 2% used [0x00000006c0000000,0x00000006c09aedb8,0x00000006d5580000)
 Metaspace       used 25077K, capacity 26328K, committed 26624K, reserved 1073152K
  class space    used 2886K, capacity 3229K, committed 3328K, reserved 1048576K
}
Event: 7.627 GC heap before
{Heap before GC invocations=9 (full 2):
 PSYoungGen      total 284672K, used 270784K [0x000000076ab00000, 0x000000078d700000, 0x00000007c0000000)
  eden space 263168K, 100% used [0x000000076ab00000,0x000000077ac00000,0x000000077ac00000)
  from space 21504K, 35% used [0x000000077c100000,0x000000077c870010,0x000000077d600000)
  to   space 21504K, 0% used [0x000000077ac00000,0x000000077ac00000,0x000000077c100000)
 ParOldGen       total 349696K, used 9915K [0x00000006c0000000, 0x00000006d5580000, 0x000000076ab00000)
  object space 349696K, 2% used [0x00000006c0000000,0x00000006c09aedb8,0x00000006d5580000)
 Metaspace       used 25084K, capacity 26328K, committed 26624K, reserved 1073152K
  class space    used 2886K, capacity 3229K, committed 3328K, reserved 1048576K
Event: 7.633 GC heap after
Heap after GC invocations=9 (full 2):
 PSYoungGen      total 284672K, used 8896K [0x000000076ab00000, 0x000000078ca00000, 0x00000007c0000000)
  eden space 263168K, 0% used [0x000000076ab00000,0x000000076ab00000,0x000000077ac00000)
  from space 21504K, 41% used [0x000000077ac00000,0x000000077b4b0010,0x000000077c100000)
  to   space 14848K, 0% used [0x000000078bb80000,0x000000078bb80000,0x000000078ca00000)
 ParOldGen       total 349696K, used 9923K [0x00000006c0000000, 0x00000006d5580000, 0x000000076ab00000)
  object space 349696K, 2% used [0x00000006c0000000,0x00000006c09b0db8,0x00000006d5580000)
 Metaspace       used 25084K, capacity 26328K, committed 26624K, reserved 1073152K
  class space    used 2886K, capacity 3229K, committed 3328K, reserved 1048576K
}
Event: 8.664 GC heap before
{Heap before GC invocations=10 (full 2):
 PSYoungGen      total 284672K, used 272064K [0x000000076ab00000, 0x000000078ca00000, 0x00000007c0000000)
  eden space 263168K, 100% used [0x000000076ab00000,0x000000077ac00000,0x000000077ac00000)
  from space 21504K, 41% used [0x000000077ac00000,0x000000077b4b0010,0x000000077c100000)
  to   space 14848K, 0% used [0x000000078bb80000,0x000000078bb80000,0x000000078ca00000)
 ParOldGen       total 349696K, used 9923K [0x00000006c0000000, 0x00000006d5580000, 0x000000076ab00000)
  object space 349696K, 2% used [0x00000006c0000000,0x00000006c09b0db8,0x00000006d5580000)
 Metaspace       used 25443K, capacity 26648K, committed 26880K, reserved 1073152K
  class space    used 2903K, capacity 3229K, committed 3328K, reserved 1048576K
Event: 8.697 GC heap after
Heap after GC invocations=10 (full 2):
 PSYoungGen      total 538112K, used 14828K [0x000000076ab00000, 0x000000078d000000, 0x00000007c0000000)
  eden space 523264K, 0% used [0x000000076ab00000,0x000000076ab00000,0x000000078aa00000)
  from space 14848K, 99% used [0x000000078bb80000,0x000000078c9fb110,0x000000078ca00000)
  to   space 17920K, 0% used [0x000000078aa00000,0x000000078aa00000,0x000000078bb80000)
 ParOldGen       total 349696K, used 11865K [0x00000006c0000000, 0x00000006d5580000, 0x000000076ab00000)
  object space 349696K, 3% used [0x00000006c0000000,0x00000006c0b966d8,0x00000006d5580000)
 Metaspace       used 25443K, capacity 26648K, committed 26880K, reserved 1073152K
  class space    used 2903K, capacity 3229K, committed 3328K, reserved 1048576K
}
Event: 12.069 GC heap before
{Heap before GC invocations=11 (full 2):
 PSYoungGen      total 538112K, used 538092K [0x000000076ab00000, 0x000000078d000000, 0x00000007c0000000)
  eden space 523264K, 100% used [0x000000076ab00000,0x000000078aa00000,0x000000078aa00000)
  from space 14848K, 99% used [0x000000078bb80000,0x000000078c9fb110,0x000000078ca00000)
  to   space 17920K, 0% used [0x000000078aa00000,0x000000078aa00000,0x000000078bb80000)
 ParOldGen       total 349696K, used 11865K [0x00000006c0000000, 0x00000006d5580000, 0x000000076ab00000)
  object space 349696K, 3% used [0x00000006c0000000,0x00000006c0b966d8,0x00000006d5580000)
 Metaspace       used 25461K, capacity 26648K, committed 26880K, reserved 1073152K
  class space    used 2904K, capacity 3229K, committed 3328K, reserved 1048576K

